<?xml version="1.0" encoding="UTF-8"?>
<testsuite xmlns:xsi="http://www.w3.org/2001/XMLSchema-instance" xsi:noNamespaceSchemaLocation="https://maven.apache.org/surefire/maven-surefire-plugin/xsd/surefire-test-report.xsd" version="3.0.2" name="ru.otus.hw.services.CommentServiceTest" time="2.815" tests="5" errors="0" skipped="0" failures="0">
  <properties>
[...]
</properties>
  <testcase name="update_shouldUpdateCommentText" classname="Тест сервиса комментариев" time="0.432">
    <system-out><![CDATA[18:34:10.317 [main] INFO org.springframework.test.context.support.AnnotationConfigContextLoaderUtils -- Could not detect default configuration classes for test class [ru.otus.hw.services.CommentServiceTest]: CommentServiceTest does not declare any static, non-private, non-final, nested classes annotated with @Configuration.
18:34:10.375 [main] INFO org.springframework.boot.test.context.SpringBootTestContextBootstrapper -- Found @SpringBootConfiguration ru.otus.hw.Application for test class ru.otus.hw.services.CommentServiceTest

  .   ____          _            __ _ _
 /\\ / ___'_ __ _ _(_)_ __  __ _ \ \ \ \
( ( )\___ | '_ | '_| | '_ \/ _` | \ \ \ \
 \\/  ___)| |_)| | | | | || (_| |  ) ) ) )
  '  |____| .__|_| |_|_| |_\__, | / / / /
 =========|_|==============|___/=/_/_/_/

 :: Spring Boot ::                (v3.5.7)

2026-03-20T18:34:10.642+03:00  INFO 94927 --- [           main] ru.otus.hw.services.CommentServiceTest   : Starting CommentServiceTest using Java 21.0.10 with PID 94927 (started by yar in /home/yar/Projects/Studies/2026-01-otus-spring-Garin/hw07-data-jpa)
2026-03-20T18:34:10.643+03:00  INFO 94927 --- [           main] ru.otus.hw.services.CommentServiceTest   : No active profile set, falling back to 1 default profile: "default"
2026-03-20T18:34:10.911+03:00  INFO 94927 --- [           main] .s.d.r.c.RepositoryConfigurationDelegate : Bootstrapping Spring Data JPA repositories in DEFAULT mode.
2026-03-20T18:34:10.981+03:00  INFO 94927 --- [           main] .s.d.r.c.RepositoryConfigurationDelegate : Finished Spring Data repository scanning in 65 ms. Found 4 JPA repository interfaces.
2026-03-20T18:34:11.250+03:00  INFO 94927 --- [           main] o.hibernate.jpa.internal.util.LogHelper  : HHH000204: Processing PersistenceUnitInfo [name: default]
2026-03-20T18:34:11.277+03:00  INFO 94927 --- [           main] org.hibernate.Version                    : HHH000412: Hibernate ORM core version 6.6.33.Final
2026-03-20T18:34:11.294+03:00  INFO 94927 --- [           main] o.h.c.internal.RegionFactoryInitiator    : HHH000026: Second-level cache disabled
2026-03-20T18:34:11.448+03:00  INFO 94927 --- [           main] o.s.o.j.p.SpringPersistenceUnitInfo      : No LoadTimeWeaver setup: ignoring JPA class transformer
2026-03-20T18:34:11.475+03:00  INFO 94927 --- [           main] com.zaxxer.hikari.HikariDataSource       : HikariPool-1 - Starting...
2026-03-20T18:34:11.575+03:00  INFO 94927 --- [           main] com.zaxxer.hikari.pool.HikariPool        : HikariPool-1 - Added connection conn0: url=jdbc:h2:mem:maindb user=SA
2026-03-20T18:34:11.576+03:00  INFO 94927 --- [           main] com.zaxxer.hikari.HikariDataSource       : HikariPool-1 - Start completed.
2026-03-20T18:34:11.608+03:00  INFO 94927 --- [           main] org.hibernate.orm.connections.pooling    : HHH10001005: Database info:
	Database JDBC URL [Connecting through datasource 'HikariDataSource (HikariPool-1)']
	Database driver: undefined/unknown
	Database version: 2.3.232
	Autocommit mode: undefined/unknown
	Isolation level: undefined/unknown
	Minimum pool size: undefined/unknown
	Maximum pool size: undefined/unknown
2026-03-20T18:34:12.084+03:00  INFO 94927 --- [           main] o.h.e.t.j.p.i.JtaPlatformInitiator       : HHH000489: No JTA platform available (set 'hibernate.transaction.jta.platform' to enable JTA platform integration)
2026-03-20T18:34:12.086+03:00  INFO 94927 --- [           main] j.LocalContainerEntityManagerFactoryBean : Initialized JPA EntityManagerFactory for persistence unit 'default'
2026-03-20T18:34:12.425+03:00  WARN 94927 --- [           main] org.jline                                : Unable to create a system terminal, creating a dumb terminal (enable debug logging for more information)
2026-03-20T18:34:12.569+03:00  INFO 94927 --- [           main] ru.otus.hw.services.CommentServiceTest   : Started CommentServiceTest in 2.12 seconds (process running for 2.683)
]]></system-out>
    <system-err><![CDATA[Mockito is currently self-attaching to enable the inline-mock-maker. This will no longer work in future releases of the JDK. Please add Mockito as an agent to your build as described in Mockito's documentation: https://javadoc.io/doc/org.mockito/mockito-core/latest/org.mockito/org/mockito/Mockito.html#0.3
WARNING: A Java agent has been loaded dynamically (/home/yar/.m2/repository/net/bytebuddy/byte-buddy-agent/1.17.8/byte-buddy-agent-1.17.8.jar)
WARNING: If a serviceability tool is in use, please run with -XX:+EnableDynamicAgentLoading to hide this warning
WARNING: If a serviceability tool is not in use, please run with -Djdk.instrument.traceUsage for more information
WARNING: Dynamic loading of agents will be disallowed by default in a future release
]]></system-err>
  </testcase>
  <testcase name="findById_shouldReturnCommentWithAccessibleBook" classname="Тест сервиса комментариев" time="0.007"/>
  <testcase name="deleteById_shouldDeleteComment" classname="Тест сервиса комментариев" time="0.013"/>
  <testcase name="findAllByBookId_shouldReturnComments" classname="Тест сервиса комментариев" time="0.009"/>
  <testcase name="insert_shouldPersistComment" classname="Тест сервиса комментариев" time="0.008"/>
</testsuite>